C51 COMPILER V9.60.0.0   DELAY                                                             12/08/2020 18:17:40 PAGE 1   


C51 COMPILER V9.60.0.0, COMPILATION OF MODULE DELAY
OBJECT MODULE PLACED IN .\Objects\Delay.obj
COMPILER INVOKED BY: D:\ABDULLAH\BFE\Embedded system\programms\programsFiles\C51\BIN\C51.EXE Delay.c OPTIMIZE(8,SPEED) B
                    -ROWSE DEBUG OBJECTEXTEND PRINT(.\Listings\Delay.lst) TABS(2) OBJECT(.\Objects\Delay.obj)

line level    source

   1          
   2          
   3          #include <reg52.h>
   4          #include "Delay.h"
   5          #include "DataTypes.h"
   6          
   7          
   8          void Delay_1ms(){
   9   1        tWord i;
  10   1        for (i=0;i<120;i++);
  11   1      }
  12          
  13          void Delay_ms(tWord x){
  14   1        tWord i;
  15   1        for(i=0;i<x;i++){
  16   2          Delay_1ms();
  17   2        }
  18   1      }
  19          
  20          void Delay_s(tWord x)
  21          {
  22   1        tWord i;
  23   1        for(i=0;i<x;i++){
  24   2          Delay_ms(1000);
  25   2        }
  26   1      }
  27          
  28          
  29          void delay_50ms_Timer(){
  30   1        //12MHz
  31   1        //65536 - 50000 = 15536 = 0x3cB0
  32   1        TMOD=1;
  33   1        TH0=0x3c;
  34   1        TL0=0xB0;
  35   1        TR0=1;
  36   1        while(1);
  37   1        TR0=0;
  38   1        TF0=0;
  39   1      }
*** WARNING C294 IN LINE 37 OF Delay.c: unreachable code


MODULE INFORMATION:   STATIC OVERLAYABLE
   CODE SIZE        =     82    ----
   CONSTANT SIZE    =   ----    ----
   XDATA SIZE       =   ----    ----
   PDATA SIZE       =   ----    ----
   DATA SIZE        =   ----       2
   IDATA SIZE       =   ----    ----
   BIT SIZE         =   ----    ----
END OF MODULE INFORMATION.


C51 COMPILATION COMPLETE.  1 WARNING(S),  0 ERROR(S)
